[0106/194546.121:ERROR:process_reader_win.cc(123)] NtOpenThread: {Access Denied} A process has requested access to an object, but has not been granted those access rights. (0xc0000022)
[0106/194546.123:ERROR:exception_snapshot_win.cc(99)] thread ID 3732 not found in process
[0106/194546.194:ERROR:process_reader_win.cc(123)] NtOpenThread: {Access Denied} A process has requested access to an object, but has not been granted those access rights. (0xc0000022)
[0106/194546.194:ERROR:exception_snapshot_win.cc(99)] thread ID 12228 not found in process
[0106/195825.418:ERROR:process_reader_win.cc(123)] NtOpenThread: {Access Denied} A process has requested access to an object, but has not been granted those access rights. (0xc0000022)
[0106/195825.419:ERROR:exception_snapshot_win.cc(99)] thread ID 11740 not found in process
[0106/195825.446:ERROR:process_reader_win.cc(123)] NtOpenThread: {Access Denied} A process has requested access to an object, but has not been granted those access rights. (0xc0000022)
[0106/195825.446:ERROR:exception_snapshot_win.cc(99)] thread ID 10732 not found in process
[0106/195825.511:ERROR:process_reader_win.cc(151)] SuspendThread: Access is denied. (0x5)
[0106/195825.511:ERROR:process_reader_win.cc(151)] SuspendThread: Access is denied. (0x5)
[0106/195825.511:ERROR:process_reader_win.cc(151)] SuspendThread: Access is denied. (0x5)
[0106/195825.512:ERROR:process_reader_win.cc(151)] SuspendThread: Access is denied. (0x5)
[0106/195825.512:ERROR:process_reader_win.cc(123)] NtOpenThread: {Access Denied} A process has requested access to an object, but has not been granted those access rights. (0xc0000022)
[0106/195825.512:ERROR:exception_snapshot_win.cc(99)] thread ID 13632 not found in process
[0106/200416.595:ERROR:process_reader_win.cc(123)] NtOpenThread: {Access Denied} A process has requested access to an object, but has not been granted those access rights. (0xc0000022)
[0106/200416.595:ERROR:exception_snapshot_win.cc(99)] thread ID 6468 not found in process
[0106/200416.660:ERROR:process_reader_win.cc(123)] NtOpenThread: {Access Denied} A process has requested access to an object, but has not been granted those access rights. (0xc0000022)
[0106/200416.661:ERROR:exception_snapshot_win.cc(99)] thread ID 11164 not found in process
[0106/223821.313:ERROR:process_reader_win.cc(123)] NtOpenThread: {Access Denied} A process has requested access to an object, but has not been granted those access rights. (0xc0000022)
[0106/223821.313:ERROR:exception_snapshot_win.cc(99)] thread ID 16188 not found in process
[0106/223821.361:ERROR:process_reader_win.cc(123)] NtOpenThread: {Access Denied} A process has requested access to an object, but has not been granted those access rights. (0xc0000022)
[0106/223821.361:ERROR:exception_snapshot_win.cc(99)] thread ID 14212 not found in process
[0107/001520.986:ERROR:process_reader_win.cc(123)] NtOpenThread: {Access Denied} A process has requested access to an object, but has not been granted those access rights. (0xc0000022)
[0107/001520.987:ERROR:exception_snapshot_win.cc(99)] thread ID 2024 not found in process
[0107/001521.047:ERROR:process_reader_win.cc(123)] NtOpenThread: {Access Denied} A process has requested access to an object, but has not been granted those access rights. (0xc0000022)
[0107/001521.047:ERROR:exception_snapshot_win.cc(99)] thread ID 1588 not found in process
[0107/002227.035:ERROR:process_reader_win.cc(123)] NtOpenThread: {Access Denied} A process has requested access to an object, but has not been granted those access rights. (0xc0000022)
[0107/002227.036:ERROR:exception_snapshot_win.cc(99)] thread ID 8780 not found in process
[0107/002227.105:ERROR:process_reader_win.cc(123)] NtOpenThread: {Access Denied} A process has requested access to an object, but has not been granted those access rights. (0xc0000022)
[0107/002227.106:ERROR:exception_snapshot_win.cc(99)] thread ID 780 not found in process
[0107/002446.677:ERROR:process_reader_win.cc(123)] NtOpenThread: {Access Denied} A process has requested access to an object, but has not been granted those access rights. (0xc0000022)
[0107/002446.678:ERROR:exception_snapshot_win.cc(99)] thread ID 7096 not found in process
[0107/002446.737:ERROR:process_reader_win.cc(123)] NtOpenThread: {Access Denied} A process has requested access to an object, but has not been granted those access rights. (0xc0000022)
[0107/002446.737:ERROR:exception_snapshot_win.cc(99)] thread ID 3992 not found in process
[0107/002542.422:ERROR:process_reader_win.cc(123)] NtOpenThread: {Access Denied} A process has requested access to an object, but has not been granted those access rights. (0xc0000022)
[0107/002542.423:ERROR:exception_snapshot_win.cc(99)] thread ID 3680 not found in process
[0107/002542.482:ERROR:process_reader_win.cc(123)] NtOpenThread: {Access Denied} A process has requested access to an object, but has not been granted those access rights. (0xc0000022)
[0107/002542.482:ERROR:exception_snapshot_win.cc(99)] thread ID 3232 not found in process
[0107/003026.055:ERROR:process_reader_win.cc(123)] NtOpenThread: {Access Denied} A process has requested access to an object, but has not been granted those access rights. (0xc0000022)
[0107/003026.057:ERROR:exception_snapshot_win.cc(99)] thread ID 13088 not found in process
[0107/003026.123:ERROR:process_reader_win.cc(123)] NtOpenThread: {Access Denied} A process has requested access to an object, but has not been granted those access rights. (0xc0000022)
[0107/003026.123:ERROR:exception_snapshot_win.cc(99)] thread ID 17072 not found in process
[0107/003213.228:ERROR:process_reader_win.cc(123)] NtOpenThread: {Access Denied} A process has requested access to an object, but has not been granted those access rights. (0xc0000022)
[0107/003213.229:ERROR:exception_snapshot_win.cc(99)] thread ID 2788 not found in process
[0107/003213.294:ERROR:process_reader_win.cc(123)] NtOpenThread: {Access Denied} A process has requested access to an object, but has not been granted those access rights. (0xc0000022)
[0107/003213.294:ERROR:exception_snapshot_win.cc(99)] thread ID 14328 not found in process
[0107/003546.030:ERROR:directory_reader_win.cc(43)] FindFirstFile: The system cannot find the path specified. (0x3)
[0107/004712.582:ERROR:process_reader_win.cc(123)] NtOpenThread: {Access Denied} A process has requested access to an object, but has not been granted those access rights. (0xc0000022)
[0107/004712.583:ERROR:exception_snapshot_win.cc(99)] thread ID 12860 not found in process
[0107/004712.647:ERROR:process_reader_win.cc(123)] NtOpenThread: {Access Denied} A process has requested access to an object, but has not been granted those access rights. (0xc0000022)
[0107/004712.647:ERROR:exception_snapshot_win.cc(99)] thread ID 7056 not found in process
[0107/005130.655:ERROR:process_reader_win.cc(123)] NtOpenThread: {Access Denied} A process has requested access to an object, but has not been granted those access rights. (0xc0000022)
[0107/005130.656:ERROR:exception_snapshot_win.cc(99)] thread ID 3740 not found in process
[0107/005130.726:ERROR:process_reader_win.cc(123)] NtOpenThread: {Access Denied} A process has requested access to an object, but has not been granted those access rights. (0xc0000022)
[0107/005130.727:ERROR:exception_snapshot_win.cc(99)] thread ID 17176 not found in process
[0107/005613.324:ERROR:process_reader_win.cc(123)] NtOpenThread: {Access Denied} A process has requested access to an object, but has not been granted those access rights. (0xc0000022)
[0107/005613.325:ERROR:exception_snapshot_win.cc(99)] thread ID 900 not found in process
[0107/005613.393:ERROR:process_reader_win.cc(123)] NtOpenThread: {Access Denied} A process has requested access to an object, but has not been granted those access rights. (0xc0000022)
[0107/005613.393:ERROR:exception_snapshot_win.cc(99)] thread ID 15016 not found in process
[0107/005934.979:ERROR:process_reader_win.cc(123)] NtOpenThread: {Access Denied} A process has requested access to an object, but has not been granted those access rights. (0xc0000022)
[0107/005934.980:ERROR:exception_snapshot_win.cc(99)] thread ID 1512 not found in process
[0107/005935.043:ERROR:process_reader_win.cc(123)] NtOpenThread: {Access Denied} A process has requested access to an object, but has not been granted those access rights. (0xc0000022)
[0107/005935.043:ERROR:exception_snapshot_win.cc(99)] thread ID 3152 not found in process
[0107/010559.541:ERROR:process_reader_win.cc(123)] NtOpenThread: {Access Denied} A process has requested access to an object, but has not been granted those access rights. (0xc0000022)
[0107/010559.542:ERROR:exception_snapshot_win.cc(99)] thread ID 4504 not found in process
[0107/010559.618:ERROR:process_reader_win.cc(123)] NtOpenThread: {Access Denied} A process has requested access to an object, but has not been granted those access rights. (0xc0000022)
[0107/010559.618:ERROR:exception_snapshot_win.cc(99)] thread ID 11384 not found in process
[0107/010848.059:ERROR:process_reader_win.cc(123)] NtOpenThread: {Access Denied} A process has requested access to an object, but has not been granted those access rights. (0xc0000022)
[0107/010848.060:ERROR:exception_snapshot_win.cc(99)] thread ID 2108 not found in process
[0107/010848.119:ERROR:process_reader_win.cc(123)] NtOpenThread: {Access Denied} A process has requested access to an object, but has not been granted those access rights. (0xc0000022)
[0107/010848.119:ERROR:exception_snapshot_win.cc(99)] thread ID 9204 not found in process
[0107/011056.423:ERROR:process_reader_win.cc(123)] NtOpenThread: {Access Denied} A process has requested access to an object, but has not been granted those access rights. (0xc0000022)
[0107/011056.424:ERROR:exception_snapshot_win.cc(99)] thread ID 12388 not found in process
[0107/011056.491:ERROR:process_reader_win.cc(123)] NtOpenThread: {Access Denied} A process has requested access to an object, but has not been granted those access rights. (0xc0000022)
[0107/011056.491:ERROR:exception_snapshot_win.cc(99)] thread ID 6540 not found in process
[0107/011237.924:ERROR:process_reader_win.cc(123)] NtOpenThread: {Access Denied} A process has requested access to an object, but has not been granted those access rights. (0xc0000022)
[0107/011237.925:ERROR:exception_snapshot_win.cc(99)] thread ID 4480 not found in process
[0107/011237.995:ERROR:process_reader_win.cc(123)] NtOpenThread: {Access Denied} A process has requested access to an object, but has not been granted those access rights. (0xc0000022)
[0107/011237.995:ERROR:exception_snapshot_win.cc(99)] thread ID 4028 not found in process
[0107/011341.978:ERROR:process_reader_win.cc(123)] NtOpenThread: {Access Denied} A process has requested access to an object, but has not been granted those access rights. (0xc0000022)
[0107/011341.979:ERROR:exception_snapshot_win.cc(99)] thread ID 8364 not found in process
[0107/011342.071:ERROR:process_reader_win.cc(151)] SuspendThread: Access is denied. (0x5)
[0107/011342.072:ERROR:process_reader_win.cc(151)] SuspendThread: Access is denied. (0x5)
[0107/011342.072:ERROR:process_reader_win.cc(151)] SuspendThread: Access is denied. (0x5)
[0107/011342.072:ERROR:process_reader_win.cc(151)] SuspendThread: Access is denied. (0x5)
[0107/011342.072:ERROR:process_reader_win.cc(151)] SuspendThread: Access is denied. (0x5)
[0107/011342.072:ERROR:process_reader_win.cc(123)] NtOpenThread: {Access Denied} A process has requested access to an object, but has not been granted those access rights. (0xc0000022)
[0107/011342.072:ERROR:exception_snapshot_win.cc(99)] thread ID 11000 not found in process
[0107/011342.184:ERROR:process_reader_win.cc(151)] SuspendThread: Access is denied. (0x5)
[0107/011342.184:ERROR:process_reader_win.cc(151)] SuspendThread: Access is denied. (0x5)
[0107/011342.184:ERROR:process_reader_win.cc(123)] NtOpenThread: {Access Denied} A process has requested access to an object, but has not been granted those access rights. (0xc0000022)
[0107/011342.185:ERROR:exception_snapshot_win.cc(99)] thread ID 6488 not found in process
[0107/011342.234:ERROR:process_reader_win.cc(151)] SuspendThread: Access is denied. (0x5)
[0107/011342.234:ERROR:process_reader_win.cc(151)] SuspendThread: Access is denied. (0x5)
[0107/011342.234:ERROR:process_reader_win.cc(151)] SuspendThread: Access is denied. (0x5)
[0107/011342.236:ERROR:process_reader_win.cc(151)] SuspendThread: Access is denied. (0x5)
[0107/011342.236:ERROR:process_reader_win.cc(151)] SuspendThread: Access is denied. (0x5)
[0107/011342.236:ERROR:process_reader_win.cc(123)] NtOpenThread: {Access Denied} A process has requested access to an object, but has not been granted those access rights. (0xc0000022)
[0107/011342.236:ERROR:exception_snapshot_win.cc(99)] thread ID 13356 not found in process
[0107/011342.552:ERROR:process_reader_win.cc(151)] SuspendThread: Access is denied. (0x5)
[0107/011342.553:ERROR:process_reader_win.cc(123)] NtOpenThread: {Access Denied} A process has requested access to an object, but has not been granted those access rights. (0xc0000022)
[0107/011342.553:ERROR:exception_snapshot_win.cc(99)] thread ID 11056 not found in process
[0107/011342.579:ERROR:process_reader_win.cc(151)] SuspendThread: Access is denied. (0x5)
[0107/011342.579:ERROR:process_reader_win.cc(151)] SuspendThread: Access is denied. (0x5)
[0107/011342.579:ERROR:process_reader_win.cc(123)] NtOpenThread: {Access Denied} A process has requested access to an object, but has not been granted those access rights. (0xc0000022)
[0107/011342.579:ERROR:exception_snapshot_win.cc(99)] thread ID 5776 not found in process
[0107/011342.623:ERROR:process_reader_win.cc(151)] SuspendThread: Access is denied. (0x5)
[0107/011342.623:ERROR:process_reader_win.cc(151)] SuspendThread: Access is denied. (0x5)
[0107/011342.623:ERROR:process_reader_win.cc(151)] SuspendThread: Access is denied. (0x5)
[0107/011342.623:ERROR:process_reader_win.cc(151)] SuspendThread: Access is denied. (0x5)
[0107/011342.623:ERROR:process_reader_win.cc(151)] SuspendThread: Access is denied. (0x5)
[0107/011342.623:ERROR:process_reader_win.cc(123)] NtOpenThread: {Access Denied} A process has requested access to an object, but has not been granted those access rights. (0xc0000022)
[0107/011342.623:ERROR:exception_snapshot_win.cc(99)] thread ID 13060 not found in process
[0107/011956.067:ERROR:process_reader_win.cc(123)] NtOpenThread: {Access Denied} A process has requested access to an object, but has not been granted those access rights. (0xc0000022)
[0107/011956.068:ERROR:exception_snapshot_win.cc(99)] thread ID 8672 not found in process
[0107/011956.149:ERROR:process_reader_win.cc(151)] SuspendThread: Access is denied. (0x5)
[0107/011956.150:ERROR:process_reader_win.cc(151)] SuspendThread: Access is denied. (0x5)
[0107/011956.150:ERROR:process_reader_win.cc(151)] SuspendThread: Access is denied. (0x5)
[0107/011956.150:ERROR:process_reader_win.cc(151)] SuspendThread: Access is denied. (0x5)
[0107/011956.150:ERROR:process_reader_win.cc(151)] SuspendThread: Access is denied. (0x5)
[0107/011956.150:ERROR:process_reader_win.cc(151)] SuspendThread: Access is denied. (0x5)
[0107/011956.150:ERROR:process_reader_win.cc(123)] NtOpenThread: {Access Denied} A process has requested access to an object, but has not been granted those access rights. (0xc0000022)
[0107/011956.150:ERROR:exception_snapshot_win.cc(99)] thread ID 6848 not found in process
[0107/011956.887:ERROR:process_reader_win.cc(123)] NtOpenThread: {Access Denied} A process has requested access to an object, but has not been granted those access rights. (0xc0000022)
[0107/011956.887:ERROR:exception_snapshot_win.cc(99)] thread ID 4188 not found in process
[0107/011956.949:ERROR:process_reader_win.cc(123)] NtOpenThread: {Access Denied} A process has requested access to an object, but has not been granted those access rights. (0xc0000022)
[0107/011956.950:ERROR:exception_snapshot_win.cc(99)] thread ID 10400 not found in process
[0107/012532.175:ERROR:process_reader_win.cc(123)] NtOpenThread: {Access Denied} A process has requested access to an object, but has not been granted those access rights. (0xc0000022)
[0107/012532.176:ERROR:exception_snapshot_win.cc(99)] thread ID 16784 not found in process
[0107/012532.254:ERROR:process_reader_win.cc(123)] NtOpenThread: {Access Denied} A process has requested access to an object, but has not been granted those access rights. (0xc0000022)
[0107/012532.254:ERROR:exception_snapshot_win.cc(99)] thread ID 512 not found in process
[0107/013237.585:ERROR:process_reader_win.cc(123)] NtOpenThread: {Access Denied} A process has requested access to an object, but has not been granted those access rights. (0xc0000022)
[0107/013237.585:ERROR:exception_snapshot_win.cc(99)] thread ID 7612 not found in process
[0107/013237.652:ERROR:process_reader_win.cc(123)] NtOpenThread: {Access Denied} A process has requested access to an object, but has not been granted those access rights. (0xc0000022)
[0107/013237.652:ERROR:exception_snapshot_win.cc(99)] thread ID 7040 not found in process
[0107/013656.085:ERROR:process_reader_win.cc(123)] NtOpenThread: {Access Denied} A process has requested access to an object, but has not been granted those access rights. (0xc0000022)
[0107/013656.086:ERROR:exception_snapshot_win.cc(99)] thread ID 11896 not found in process
[0107/013656.112:ERROR:process_reader_win.cc(123)] NtOpenThread: {Access Denied} A process has requested access to an object, but has not been granted those access rights. (0xc0000022)
[0107/013656.112:ERROR:exception_snapshot_win.cc(99)] thread ID 7920 not found in process
[0107/013656.178:ERROR:process_reader_win.cc(123)] NtOpenThread: {Access Denied} A process has requested access to an object, but has not been granted those access rights. (0xc0000022)
[0107/013656.178:ERROR:exception_snapshot_win.cc(99)] thread ID 13328 not found in process
[0109/164422.570:ERROR:process_reader_win.cc(123)] NtOpenThread: {Access Denied} A process has requested access to an object, but has not been granted those access rights. (0xc0000022)
[0109/164422.575:ERROR:exception_snapshot_win.cc(99)] thread ID 10636 not found in process
[0109/164422.634:ERROR:process_reader_win.cc(123)] NtOpenThread: {Access Denied} A process has requested access to an object, but has not been granted those access rights. (0xc0000022)
[0109/164422.634:ERROR:exception_snapshot_win.cc(99)] thread ID 14092 not found in process
[0109/165842.096:ERROR:process_reader_win.cc(123)] NtOpenThread: {Access Denied} A process has requested access to an object, but has not been granted those access rights. (0xc0000022)
[0109/165842.097:ERROR:exception_snapshot_win.cc(99)] thread ID 9740 not found in process
[0109/165842.108:ERROR:process_reader_win.cc(123)] NtOpenThread: {Access Denied} A process has requested access to an object, but has not been granted those access rights. (0xc0000022)
[0109/165842.108:ERROR:exception_snapshot_win.cc(99)] thread ID 5472 not found in process
[0109/165842.187:ERROR:process_reader_win.cc(123)] NtOpenThread: {Access Denied} A process has requested access to an object, but has not been granted those access rights. (0xc0000022)
[0109/165842.187:ERROR:exception_snapshot_win.cc(99)] thread ID 6028 not found in process
[0109/170411.330:ERROR:process_reader_win.cc(123)] NtOpenThread: {Access Denied} A process has requested access to an object, but has not been granted those access rights. (0xc0000022)
[0109/170411.331:ERROR:exception_snapshot_win.cc(99)] thread ID 4180 not found in process
[0109/170411.393:ERROR:process_reader_win.cc(123)] NtOpenThread: {Access Denied} A process has requested access to an object, but has not been granted those access rights. (0xc0000022)
[0109/170411.393:ERROR:exception_snapshot_win.cc(99)] thread ID 15432 not found in process
[0109/170543.913:ERROR:process_reader_win.cc(123)] NtOpenThread: {Access Denied} A process has requested access to an object, but has not been granted those access rights. (0xc0000022)
[0109/170543.914:ERROR:exception_snapshot_win.cc(99)] thread ID 16712 not found in process
[0109/170543.979:ERROR:process_reader_win.cc(123)] NtOpenThread: {Access Denied} A process has requested access to an object, but has not been granted those access rights. (0xc0000022)
[0109/170543.979:ERROR:exception_snapshot_win.cc(99)] thread ID 6316 not found in process
[0109/170618.199:ERROR:process_reader_win.cc(123)] NtOpenThread: {Access Denied} A process has requested access to an object, but has not been granted those access rights. (0xc0000022)
[0109/170618.200:ERROR:exception_snapshot_win.cc(99)] thread ID 16156 not found in process
[0109/170618.260:ERROR:process_reader_win.cc(123)] NtOpenThread: {Access Denied} A process has requested access to an object, but has not been granted those access rights. (0xc0000022)
[0109/170618.261:ERROR:exception_snapshot_win.cc(99)] thread ID 8620 not found in process
[0109/171514.676:ERROR:process_reader_win.cc(123)] NtOpenThread: {Access Denied} A process has requested access to an object, but has not been granted those access rights. (0xc0000022)
[0109/171514.676:ERROR:exception_snapshot_win.cc(99)] thread ID 5968 not found in process
[0109/171514.738:ERROR:process_reader_win.cc(123)] NtOpenThread: {Access Denied} A process has requested access to an object, but has not been granted those access rights. (0xc0000022)
[0109/171514.738:ERROR:exception_snapshot_win.cc(99)] thread ID 11824 not found in process
[0109/172016.074:ERROR:process_reader_win.cc(123)] NtOpenThread: {Access Denied} A process has requested access to an object, but has not been granted those access rights. (0xc0000022)
[0109/172016.075:ERROR:exception_snapshot_win.cc(99)] thread ID 9924 not found in process
[0109/172016.136:ERROR:process_reader_win.cc(123)] NtOpenThread: {Access Denied} A process has requested access to an object, but has not been granted those access rights. (0xc0000022)
[0109/172016.136:ERROR:exception_snapshot_win.cc(99)] thread ID 7484 not found in process
[0109/172252.740:ERROR:process_reader_win.cc(123)] NtOpenThread: {Access Denied} A process has requested access to an object, but has not been granted those access rights. (0xc0000022)
[0109/172252.741:ERROR:exception_snapshot_win.cc(99)] thread ID 14248 not found in process
[0109/172252.797:ERROR:process_reader_win.cc(123)] NtOpenThread: {Access Denied} A process has requested access to an object, but has not been granted those access rights. (0xc0000022)
[0109/172252.797:ERROR:exception_snapshot_win.cc(99)] thread ID 2924 not found in process
[0109/172610.688:ERROR:process_reader_win.cc(123)] NtOpenThread: {Access Denied} A process has requested access to an object, but has not been granted those access rights. (0xc0000022)
[0109/172610.689:ERROR:exception_snapshot_win.cc(99)] thread ID 17252 not found in process
[0109/172610.752:ERROR:process_reader_win.cc(123)] NtOpenThread: {Access Denied} A process has requested access to an object, but has not been granted those access rights. (0xc0000022)
[0109/172610.752:ERROR:exception_snapshot_win.cc(99)] thread ID 772 not found in process
[0109/173619.003:ERROR:process_reader_win.cc(123)] NtOpenThread: {Access Denied} A process has requested access to an object, but has not been granted those access rights. (0xc0000022)
[0109/173619.004:ERROR:exception_snapshot_win.cc(99)] thread ID 4560 not found in process
[0109/173619.069:ERROR:process_reader_win.cc(123)] NtOpenThread: {Access Denied} A process has requested access to an object, but has not been granted those access rights. (0xc0000022)
[0109/173619.069:ERROR:exception_snapshot_win.cc(99)] thread ID 216 not found in process
[0109/173951.270:ERROR:process_reader_win.cc(123)] NtOpenThread: {Access Denied} A process has requested access to an object, but has not been granted those access rights. (0xc0000022)
[0109/173951.271:ERROR:exception_snapshot_win.cc(99)] thread ID 17300 not found in process
[0109/173951.330:ERROR:process_reader_win.cc(123)] NtOpenThread: {Access Denied} A process has requested access to an object, but has not been granted those access rights. (0xc0000022)
[0109/173951.331:ERROR:exception_snapshot_win.cc(99)] thread ID 8436 not found in process
[0109/174048.577:ERROR:process_reader_win.cc(151)] SuspendThread: Access is denied. (0x5)
[0109/174048.578:ERROR:process_reader_win.cc(151)] SuspendThread: Access is denied. (0x5)
[0109/174048.578:ERROR:process_reader_win.cc(151)] SuspendThread: Access is denied. (0x5)
[0109/174048.578:ERROR:process_reader_win.cc(151)] SuspendThread: Access is denied. (0x5)
[0109/174048.578:ERROR:process_reader_win.cc(151)] SuspendThread: Access is denied. (0x5)
[0109/174048.578:ERROR:process_reader_win.cc(151)] SuspendThread: Access is denied. (0x5)
[0109/174048.579:ERROR:process_reader_win.cc(151)] SuspendThread: Access is denied. (0x5)
[0109/174048.579:ERROR:process_reader_win.cc(151)] SuspendThread: Access is denied. (0x5)
[0109/174048.579:ERROR:process_reader_win.cc(151)] SuspendThread: Access is denied. (0x5)
[0109/174048.579:ERROR:process_reader_win.cc(151)] SuspendThread: Access is denied. (0x5)
[0109/174048.579:ERROR:process_reader_win.cc(123)] NtOpenThread: {Access Denied} A process has requested access to an object, but has not been granted those access rights. (0xc0000022)
[0109/174048.579:ERROR:exception_snapshot_win.cc(99)] thread ID 11824 not found in process
[0109/174048.604:ERROR:process_reader_win.cc(123)] NtOpenThread: {Access Denied} A process has requested access to an object, but has not been granted those access rights. (0xc0000022)
[0109/174048.604:ERROR:exception_snapshot_win.cc(99)] thread ID 7344 not found in process
[0109/174048.680:ERROR:process_reader_win.cc(123)] NtOpenThread: {Access Denied} A process has requested access to an object, but has not been granted those access rights. (0xc0000022)
[0109/174048.680:ERROR:exception_snapshot_win.cc(99)] thread ID 2804 not found in process
[0109/175850.214:ERROR:process_reader_win.cc(151)] SuspendThread: Access is denied. (0x5)
[0109/175850.215:ERROR:process_reader_win.cc(151)] SuspendThread: Access is denied. (0x5)
[0109/175850.216:ERROR:process_reader_win.cc(123)] NtOpenThread: {Access Denied} A process has requested access to an object, but has not been granted those access rights. (0xc0000022)
[0109/175850.216:ERROR:exception_snapshot_win.cc(99)] thread ID 3364 not found in process
[0109/175850.246:ERROR:process_reader_win.cc(151)] SuspendThread: Access is denied. (0x5)
[0109/175850.246:ERROR:process_reader_win.cc(151)] SuspendThread: Access is denied. (0x5)
[0109/175850.246:ERROR:process_reader_win.cc(151)] SuspendThread: Access is denied. (0x5)
[0109/175850.246:ERROR:process_reader_win.cc(151)] SuspendThread: Access is denied. (0x5)
[0109/175850.246:ERROR:process_reader_win.cc(151)] SuspendThread: Access is denied. (0x5)
[0109/175850.246:ERROR:process_reader_win.cc(151)] SuspendThread: Access is denied. (0x5)
[0109/175850.246:ERROR:process_reader_win.cc(123)] NtOpenThread: {Access Denied} A process has requested access to an object, but has not been granted those access rights. (0xc0000022)
[0109/175850.246:ERROR:exception_snapshot_win.cc(99)] thread ID 5208 not found in process
[0109/180234.784:ERROR:process_reader_win.cc(123)] NtOpenThread: {Access Denied} A process has requested access to an object, but has not been granted those access rights. (0xc0000022)
[0109/180234.785:ERROR:exception_snapshot_win.cc(99)] thread ID 13436 not found in process
[0109/180234.849:ERROR:process_reader_win.cc(123)] NtOpenThread: {Access Denied} A process has requested access to an object, but has not been granted those access rights. (0xc0000022)
[0109/180234.849:ERROR:exception_snapshot_win.cc(99)] thread ID 12248 not found in process
[0109/180656.268:ERROR:process_reader_win.cc(123)] NtOpenThread: {Access Denied} A process has requested access to an object, but has not been granted those access rights. (0xc0000022)
[0109/180656.269:ERROR:exception_snapshot_win.cc(99)] thread ID 1656 not found in process
[0109/180656.332:ERROR:process_reader_win.cc(123)] NtOpenThread: {Access Denied} A process has requested access to an object, but has not been granted those access rights. (0xc0000022)
[0109/180656.333:ERROR:exception_snapshot_win.cc(99)] thread ID 5452 not found in process
[0109/183954.918:ERROR:process_reader_win.cc(123)] NtOpenThread: {Access Denied} A process has requested access to an object, but has not been granted those access rights. (0xc0000022)
[0109/183954.919:ERROR:exception_snapshot_win.cc(99)] thread ID 1416 not found in process
[0109/183954.984:ERROR:process_reader_win.cc(123)] NtOpenThread: {Access Denied} A process has requested access to an object, but has not been granted those access rights. (0xc0000022)
[0109/183954.984:ERROR:exception_snapshot_win.cc(99)] thread ID 12392 not found in process
[0109/184339.113:ERROR:process_reader_win.cc(123)] NtOpenThread: {Access Denied} A process has requested access to an object, but has not been granted those access rights. (0xc0000022)
[0109/184339.114:ERROR:exception_snapshot_win.cc(99)] thread ID 8972 not found in process
[0109/184339.141:ERROR:process_reader_win.cc(123)] NtOpenThread: {Access Denied} A process has requested access to an object, but has not been granted those access rights. (0xc0000022)
[0109/184339.142:ERROR:exception_snapshot_win.cc(99)] thread ID 16164 not found in process
[0109/184339.224:ERROR:process_reader_win.cc(123)] NtOpenThread: {Access Denied} A process has requested access to an object, but has not been granted those access rights. (0xc0000022)
[0109/184339.224:ERROR:exception_snapshot_win.cc(99)] thread ID 6536 not found in process
[0109/184441.326:ERROR:process_reader_win.cc(123)] NtOpenThread: {Access Denied} A process has requested access to an object, but has not been granted those access rights. (0xc0000022)
[0109/184441.327:ERROR:exception_snapshot_win.cc(99)] thread ID 12852 not found in process
[0109/184441.394:ERROR:process_reader_win.cc(151)] SuspendThread: Access is denied. (0x5)
[0109/184441.394:ERROR:process_reader_win.cc(151)] SuspendThread: Access is denied. (0x5)
[0109/184441.394:ERROR:process_reader_win.cc(151)] SuspendThread: Access is denied. (0x5)
[0109/184441.394:ERROR:process_reader_win.cc(151)] SuspendThread: Access is denied. (0x5)
[0109/184441.394:ERROR:process_reader_win.cc(151)] SuspendThread: Access is denied. (0x5)
[0109/184441.394:ERROR:process_reader_win.cc(123)] NtOpenThread: {Access Denied} A process has requested access to an object, but has not been granted those access rights. (0xc0000022)
[0109/184441.394:ERROR:exception_snapshot_win.cc(99)] thread ID 6128 not found in process
[0109/184547.450:ERROR:process_reader_win.cc(123)] NtOpenThread: {Access Denied} A process has requested access to an object, but has not been granted those access rights. (0xc0000022)
[0109/184547.451:ERROR:exception_snapshot_win.cc(99)] thread ID 11208 not found in process
[0109/184547.515:ERROR:process_reader_win.cc(123)] NtOpenThread: {Access Denied} A process has requested access to an object, but has not been granted those access rights. (0xc0000022)
[0109/184547.515:ERROR:exception_snapshot_win.cc(99)] thread ID 8748 not found in process
[0109/184902.897:ERROR:process_reader_win.cc(123)] NtOpenThread: {Access Denied} A process has requested access to an object, but has not been granted those access rights. (0xc0000022)
[0109/184902.898:ERROR:exception_snapshot_win.cc(99)] thread ID 7036 not found in process
[0109/184902.968:ERROR:process_reader_win.cc(151)] SuspendThread: Access is denied. (0x5)
[0109/184902.968:ERROR:process_reader_win.cc(151)] SuspendThread: Access is denied. (0x5)
[0109/184902.968:ERROR:process_reader_win.cc(151)] SuspendThread: Access is denied. (0x5)
[0109/184902.968:ERROR:process_reader_win.cc(151)] SuspendThread: Access is denied. (0x5)
[0109/184902.969:ERROR:process_reader_win.cc(151)] SuspendThread: Access is denied. (0x5)
[0109/184902.969:ERROR:process_reader_win.cc(151)] SuspendThread: Access is denied. (0x5)
[0109/184902.969:ERROR:process_reader_win.cc(123)] NtOpenThread: {Access Denied} A process has requested access to an object, but has not been granted those access rights. (0xc0000022)
[0109/184902.969:ERROR:exception_snapshot_win.cc(99)] thread ID 14216 not found in process
[0109/185011.666:ERROR:process_reader_win.cc(123)] NtOpenThread: {Access Denied} A process has requested access to an object, but has not been granted those access rights. (0xc0000022)
[0109/185011.667:ERROR:exception_snapshot_win.cc(99)] thread ID 3004 not found in process
[0109/185011.699:ERROR:process_reader_win.cc(123)] NtOpenThread: {Access Denied} A process has requested access to an object, but has not been granted those access rights. (0xc0000022)
[0109/185011.699:ERROR:exception_snapshot_win.cc(99)] thread ID 16476 not found in process
[0109/185011.764:ERROR:process_reader_win.cc(123)] NtOpenThread: {Access Denied} A process has requested access to an object, but has not been granted those access rights. (0xc0000022)
[0109/185011.764:ERROR:exception_snapshot_win.cc(99)] thread ID 10540 not found in process
[0109/185403.887:ERROR:process_reader_win.cc(123)] NtOpenThread: {Access Denied} A process has requested access to an object, but has not been granted those access rights. (0xc0000022)
[0109/185403.888:ERROR:exception_snapshot_win.cc(99)] thread ID 13032 not found in process
[0109/185403.954:ERROR:process_reader_win.cc(123)] NtOpenThread: {Access Denied} A process has requested access to an object, but has not been granted those access rights. (0xc0000022)
[0109/185403.954:ERROR:exception_snapshot_win.cc(99)] thread ID 12320 not found in process
[0109/185542.862:ERROR:process_reader_win.cc(123)] NtOpenThread: {Access Denied} A process has requested access to an object, but has not been granted those access rights. (0xc0000022)
[0109/185542.863:ERROR:exception_snapshot_win.cc(99)] thread ID 9468 not found in process
[0109/185542.911:ERROR:process_reader_win.cc(123)] NtOpenThread: {Access Denied} A process has requested access to an object, but has not been granted those access rights. (0xc0000022)
[0109/185542.911:ERROR:exception_snapshot_win.cc(99)] thread ID 10192 not found in process
[0113/115835.670:ERROR:process_reader_win.cc(123)] NtOpenThread: {Access Denied} A process has requested access to an object, but has not been granted those access rights. (0xc0000022)
[0113/115835.672:ERROR:exception_snapshot_win.cc(99)] thread ID 6508 not found in process
[0113/115835.721:ERROR:process_reader_win.cc(123)] NtOpenThread: {Access Denied} A process has requested access to an object, but has not been granted those access rights. (0xc0000022)
[0113/115835.721:ERROR:exception_snapshot_win.cc(99)] thread ID 12572 not found in process
[0113/122553.826:ERROR:process_reader_win.cc(123)] NtOpenThread: {Access Denied} A process has requested access to an object, but has not been granted those access rights. (0xc0000022)
[0113/122553.827:ERROR:exception_snapshot_win.cc(99)] thread ID 8760 not found in process
[0113/122553.882:ERROR:process_reader_win.cc(123)] NtOpenThread: {Access Denied} A process has requested access to an object, but has not been granted those access rights. (0xc0000022)
[0113/122553.882:ERROR:exception_snapshot_win.cc(99)] thread ID 4960 not found in process
[0113/122748.570:ERROR:process_reader_win.cc(123)] NtOpenThread: {Access Denied} A process has requested access to an object, but has not been granted those access rights. (0xc0000022)
[0113/122748.572:ERROR:exception_snapshot_win.cc(99)] thread ID 8576 not found in process
[0113/122748.621:ERROR:process_reader_win.cc(123)] NtOpenThread: {Access Denied} A process has requested access to an object, but has not been granted those access rights. (0xc0000022)
[0113/122748.621:ERROR:exception_snapshot_win.cc(99)] thread ID 15096 not found in process
[0113/123108.707:ERROR:process_reader_win.cc(151)] SuspendThread: Access is denied. (0x5)
[0113/123108.708:ERROR:process_reader_win.cc(151)] SuspendThread: Access is denied. (0x5)
[0113/123108.709:ERROR:process_reader_win.cc(151)] SuspendThread: Access is denied. (0x5)
[0113/123108.709:ERROR:process_reader_win.cc(151)] SuspendThread: Access is denied. (0x5)
[0113/123108.709:ERROR:process_reader_win.cc(151)] SuspendThread: Access is denied. (0x5)
[0113/123108.709:ERROR:process_reader_win.cc(151)] SuspendThread: Access is denied. (0x5)
[0113/123108.709:ERROR:process_reader_win.cc(151)] SuspendThread: Access is denied. (0x5)
[0113/123108.709:ERROR:process_reader_win.cc(151)] SuspendThread: Access is denied. (0x5)
[0113/123108.709:ERROR:process_reader_win.cc(151)] SuspendThread: Access is denied. (0x5)
[0113/123108.709:ERROR:process_reader_win.cc(151)] SuspendThread: Access is denied. (0x5)
[0113/123108.709:ERROR:process_reader_win.cc(123)] NtOpenThread: {Access Denied} A process has requested access to an object, but has not been granted those access rights. (0xc0000022)
[0113/123108.709:ERROR:exception_snapshot_win.cc(99)] thread ID 12132 not found in process
[0113/123108.748:ERROR:process_reader_win.cc(151)] SuspendThread: Access is denied. (0x5)
[0113/123108.748:ERROR:process_reader_win.cc(151)] SuspendThread: Access is denied. (0x5)
[0113/123108.748:ERROR:process_reader_win.cc(151)] SuspendThread: Access is denied. (0x5)
[0113/123108.748:ERROR:process_reader_win.cc(151)] SuspendThread: Access is denied. (0x5)
[0113/123108.749:ERROR:process_reader_win.cc(151)] SuspendThread: Access is denied. (0x5)
[0113/123108.749:ERROR:process_reader_win.cc(151)] SuspendThread: Access is denied. (0x5)
[0113/123108.749:ERROR:process_reader_win.cc(123)] NtOpenThread: {Access Denied} A process has requested access to an object, but has not been granted those access rights. (0xc0000022)
[0113/123108.749:ERROR:exception_snapshot_win.cc(99)] thread ID 7892 not found in process
[0113/123550.214:ERROR:process_reader_win.cc(123)] NtOpenThread: {Access Denied} A process has requested access to an object, but has not been granted those access rights. (0xc0000022)
[0113/123550.216:ERROR:exception_snapshot_win.cc(99)] thread ID 6704 not found in process
[0113/123550.259:ERROR:process_reader_win.cc(123)] NtOpenThread: {Access Denied} A process has requested access to an object, but has not been granted those access rights. (0xc0000022)
[0113/123550.259:ERROR:exception_snapshot_win.cc(99)] thread ID 11980 not found in process
[0113/123619.494:ERROR:process_reader_win.cc(123)] NtOpenThread: {Access Denied} A process has requested access to an object, but has not been granted those access rights. (0xc0000022)
[0113/123619.497:ERROR:exception_snapshot_win.cc(99)] thread ID 10872 not found in process
[0113/123619.553:ERROR:process_reader_win.cc(123)] NtOpenThread: {Access Denied} A process has requested access to an object, but has not been granted those access rights. (0xc0000022)
[0113/123619.553:ERROR:exception_snapshot_win.cc(99)] thread ID 15196 not found in process
[0113/124227.980:ERROR:process_reader_win.cc(123)] NtOpenThread: {Access Denied} A process has requested access to an object, but has not been granted those access rights. (0xc0000022)
[0113/124227.981:ERROR:exception_snapshot_win.cc(99)] thread ID 12828 not found in process
[0113/124228.028:ERROR:process_reader_win.cc(123)] NtOpenThread: {Access Denied} A process has requested access to an object, but has not been granted those access rights. (0xc0000022)
[0113/124228.028:ERROR:exception_snapshot_win.cc(99)] thread ID 188 not found in process
[0113/124305.599:ERROR:process_reader_win.cc(123)] NtOpenThread: {Access Denied} A process has requested access to an object, but has not been granted those access rights. (0xc0000022)
[0113/124305.600:ERROR:exception_snapshot_win.cc(99)] thread ID 8220 not found in process
[0113/124305.663:ERROR:process_reader_win.cc(123)] NtOpenThread: {Access Denied} A process has requested access to an object, but has not been granted those access rights. (0xc0000022)
[0113/124305.663:ERROR:exception_snapshot_win.cc(99)] thread ID 1964 not found in process
[0113/125310.883:ERROR:process_reader_win.cc(123)] NtOpenThread: {Access Denied} A process has requested access to an object, but has not been granted those access rights. (0xc0000022)
[0113/125310.885:ERROR:exception_snapshot_win.cc(99)] thread ID 1804 not found in process
[0113/125310.939:ERROR:process_reader_win.cc(123)] NtOpenThread: {Access Denied} A process has requested access to an object, but has not been granted those access rights. (0xc0000022)
[0113/125310.939:ERROR:exception_snapshot_win.cc(99)] thread ID 10732 not found in process
[0113/125412.877:ERROR:process_reader_win.cc(123)] NtOpenThread: {Access Denied} A process has requested access to an object, but has not been granted those access rights. (0xc0000022)
[0113/125412.879:ERROR:exception_snapshot_win.cc(99)] thread ID 7972 not found in process
[0113/125412.929:ERROR:process_reader_win.cc(123)] NtOpenThread: {Access Denied} A process has requested access to an object, but has not been granted those access rights. (0xc0000022)
[0113/125412.929:ERROR:exception_snapshot_win.cc(99)] thread ID 15324 not found in process
[0113/125940.394:ERROR:process_reader_win.cc(123)] NtOpenThread: {Access Denied} A process has requested access to an object, but has not been granted those access rights. (0xc0000022)
[0113/125940.395:ERROR:exception_snapshot_win.cc(99)] thread ID 5556 not found in process
[0113/125940.458:ERROR:process_reader_win.cc(123)] NtOpenThread: {Access Denied} A process has requested access to an object, but has not been granted those access rights. (0xc0000022)
[0113/125940.458:ERROR:exception_snapshot_win.cc(99)] thread ID 4752 not found in process
[0113/130103.140:ERROR:process_reader_win.cc(123)] NtOpenThread: {Access Denied} A process has requested access to an object, but has not been granted those access rights. (0xc0000022)
[0113/130103.140:ERROR:exception_snapshot_win.cc(99)] thread ID 10220 not found in process
[0113/130103.191:ERROR:process_reader_win.cc(123)] NtOpenThread: {Access Denied} A process has requested access to an object, but has not been granted those access rights. (0xc0000022)
[0113/130103.191:ERROR:exception_snapshot_win.cc(99)] thread ID 2492 not found in process
[0113/131057.054:ERROR:process_reader_win.cc(123)] NtOpenThread: {Access Denied} A process has requested access to an object, but has not been granted those access rights. (0xc0000022)
[0113/131057.055:ERROR:exception_snapshot_win.cc(99)] thread ID 9808 not found in process
[0113/131057.108:ERROR:process_reader_win.cc(123)] NtOpenThread: {Access Denied} A process has requested access to an object, but has not been granted those access rights. (0xc0000022)
[0113/131057.108:ERROR:exception_snapshot_win.cc(99)] thread ID 5696 not found in process
[0113/131133.452:ERROR:process_reader_win.cc(123)] NtOpenThread: {Access Denied} A process has requested access to an object, but has not been granted those access rights. (0xc0000022)
[0113/131133.453:ERROR:exception_snapshot_win.cc(99)] thread ID 13200 not found in process
[0113/131133.525:ERROR:process_reader_win.cc(151)] SuspendThread: Access is denied. (0x5)
[0113/131133.525:ERROR:process_reader_win.cc(151)] SuspendThread: Access is denied. (0x5)
[0113/131133.525:ERROR:process_reader_win.cc(151)] SuspendThread: Access is denied. (0x5)
[0113/131133.525:ERROR:process_reader_win.cc(151)] SuspendThread: Access is denied. (0x5)
[0113/131133.525:ERROR:process_reader_win.cc(151)] SuspendThread: Access is denied. (0x5)
[0113/131133.527:ERROR:process_reader_win.cc(123)] NtOpenThread: {Access Denied} A process has requested access to an object, but has not been granted those access rights. (0xc0000022)
[0113/131133.527:ERROR:exception_snapshot_win.cc(99)] thread ID 6412 not found in process
[0113/133137.020:ERROR:process_reader_win.cc(151)] SuspendThread: Access is denied. (0x5)
[0113/133137.021:ERROR:process_reader_win.cc(151)] SuspendThread: Access is denied. (0x5)
[0113/133137.021:ERROR:process_reader_win.cc(151)] SuspendThread: Access is denied. (0x5)
[0113/133137.021:ERROR:process_reader_win.cc(151)] SuspendThread: Access is denied. (0x5)
[0113/133137.021:ERROR:process_reader_win.cc(151)] SuspendThread: Access is denied. (0x5)
[0113/133137.021:ERROR:process_reader_win.cc(151)] SuspendThread: Access is denied. (0x5)
[0113/133137.021:ERROR:process_reader_win.cc(151)] SuspendThread: Access is denied. (0x5)
[0113/133137.021:ERROR:process_reader_win.cc(151)] SuspendThread: Access is denied. (0x5)
[0113/133137.021:ERROR:process_reader_win.cc(151)] SuspendThread: Access is denied. (0x5)
[0113/133137.021:ERROR:process_reader_win.cc(151)] SuspendThread: Access is denied. (0x5)
[0113/133137.021:ERROR:process_reader_win.cc(151)] SuspendThread: Access is denied. (0x5)
[0113/133137.021:ERROR:process_reader_win.cc(151)] SuspendThread: Access is denied. (0x5)
[0113/133137.021:ERROR:process_reader_win.cc(123)] NtOpenThread: {Access Denied} A process has requested access to an object, but has not been granted those access rights. (0xc0000022)
[0113/133137.022:ERROR:exception_snapshot_win.cc(99)] thread ID 13032 not found in process
[0113/133137.061:ERROR:process_reader_win.cc(151)] SuspendThread: Access is denied. (0x5)
[0113/133137.061:ERROR:process_reader_win.cc(151)] SuspendThread: Access is denied. (0x5)
[0113/133137.061:ERROR:process_reader_win.cc(151)] SuspendThread: Access is denied. (0x5)
[0113/133137.062:ERROR:process_reader_win.cc(151)] SuspendThread: Access is denied. (0x5)
[0113/133137.062:ERROR:process_reader_win.cc(151)] SuspendThread: Access is denied. (0x5)
[0113/133137.062:ERROR:process_reader_win.cc(151)] SuspendThread: Access is denied. (0x5)
[0113/133137.062:ERROR:process_reader_win.cc(123)] NtOpenThread: {Access Denied} A process has requested access to an object, but has not been granted those access rights. (0xc0000022)
[0113/133137.062:ERROR:exception_snapshot_win.cc(99)] thread ID 14176 not found in process
[0113/133328.946:ERROR:process_reader_win.cc(151)] SuspendThread: Access is denied. (0x5)
[0113/133328.947:ERROR:process_reader_win.cc(151)] SuspendThread: Access is denied. (0x5)
[0113/133328.947:ERROR:process_reader_win.cc(123)] NtOpenThread: {Access Denied} A process has requested access to an object, but has not been granted those access rights. (0xc0000022)
[0113/133328.948:ERROR:exception_snapshot_win.cc(99)] thread ID 11372 not found in process
[0113/133328.984:ERROR:process_reader_win.cc(123)] NtOpenThread: {Access Denied} A process has requested access to an object, but has not been granted those access rights. (0xc0000022)
[0113/133328.984:ERROR:exception_snapshot_win.cc(99)] thread ID 11332 not found in process
[0113/140234.042:ERROR:process_reader_win.cc(151)] SuspendThread: Access is denied. (0x5)
[0113/140234.043:ERROR:process_reader_win.cc(151)] SuspendThread: Access is denied. (0x5)
[0113/140234.043:ERROR:process_reader_win.cc(123)] NtOpenThread: {Access Denied} A process has requested access to an object, but has not been granted those access rights. (0xc0000022)
[0113/140234.043:ERROR:exception_snapshot_win.cc(99)] thread ID 14684 not found in process
[0113/140234.092:ERROR:process_reader_win.cc(123)] NtOpenThread: {Access Denied} A process has requested access to an object, but has not been granted those access rights. (0xc0000022)
[0113/140234.092:ERROR:exception_snapshot_win.cc(99)] thread ID 6372 not found in process
[0113/140425.352:ERROR:process_reader_win.cc(151)] SuspendThread: Access is denied. (0x5)
[0113/140425.353:ERROR:process_reader_win.cc(151)] SuspendThread: Access is denied. (0x5)
[0113/140425.353:ERROR:process_reader_win.cc(123)] NtOpenThread: {Access Denied} A process has requested access to an object, but has not been granted those access rights. (0xc0000022)
[0113/140425.353:ERROR:exception_snapshot_win.cc(99)] thread ID 5584 not found in process
[0113/140425.444:ERROR:process_reader_win.cc(151)] SuspendThread: Access is denied. (0x5)
[0113/140425.444:ERROR:process_reader_win.cc(151)] SuspendThread: Access is denied. (0x5)
[0113/140425.444:ERROR:process_reader_win.cc(151)] SuspendThread: Access is denied. (0x5)
[0113/140425.444:ERROR:process_reader_win.cc(151)] SuspendThread: Access is denied. (0x5)
[0113/140425.444:ERROR:process_reader_win.cc(151)] SuspendThread: Access is denied. (0x5)
[0113/140425.444:ERROR:process_reader_win.cc(123)] NtOpenThread: {Access Denied} A process has requested access to an object, but has not been granted those access rights. (0xc0000022)
[0113/140425.445:ERROR:exception_snapshot_win.cc(99)] thread ID 11492 not found in process
